#! /usr/bin/vvp
:ivl_version "0.9.7 " "(v0_9_7)";
:vpi_time_precision + 0;
:vpi_module "system";
:vpi_module "v2005_math";
:vpi_module "va_math";
S_0xc2e4a0 .scope module, "keyBytesToWords" "keyBytesToWords" 2 3;
 .timescale 0 0;
P_0xc2d9f8 .param/l "b" 2 5, +C4<010000>;
P_0xc2da20 .param/l "c" 2 9, +C4<0100>;
P_0xc2da48 .param/l "t" 2 6, +C4<011010>;
P_0xc2da70 .param/l "u" 2 8, +C4<0100>;
P_0xc2da98 .param/l "w" 2 7, +C4<0100000>;
v0xc51200 .array "L", 0 3, 31 0;
v0xc61400_0 .var "i", 0 0;
v0xc614a0_0 .net "key", 127 0, C4<zzzzzzzzzzzzzzzzzzzzzzzzzzzzzzzzzzzzzzzzzzzzzzzzzzzzzzzzzzzzzzzzzzzzzzzzzzzzzzzzzzzzzzzzzzzzzzzzzzzzzzzzzzzzzzzzzzzzzzzzzzzzzzzz>; 0 drivers
v0xc61540_0 .net "pW", 31 0, C4<zzzzzzzzzzzzzzzzzzzzzzzzzzzzzzzz>; 0 drivers
v0xc615f0_0 .net "qW", 31 0, C4<zzzzzzzzzzzzzzzzzzzzzzzzzzzzzzzz>; 0 drivers
v0xc51200_0 .array/port v0xc51200, 0;
E_0xc531e0 .event edge, v0xc51200_0;
    .scope S_0xc2e4a0;
T_0 ;
    %set/v v0xc61400_0, 0, 1;
    %end;
    .thread T_0;
    .scope S_0xc2e4a0;
T_1 ;
    %wait E_0xc531e0;
    %movi 8, 16, 6;
T_1.0 %cmp/s 0, 8, 6;
    %jmp/0xz T_1.1, 5;
    %add 8, 1, 6;
    %ix/getv 3, v0xc61400_0;
    %load/av 14, v0xc51200, 32;
    %ix/load 0, 8, 0;
    %mov 4, 0, 1;
    %shiftl/i0  14, 32;
    %ix/getv 1, v0xc61400_0;
    %jmp/1 T_1.2, 4;
    %load/x1p 78, v0xc614a0_0, 1;
    %jmp T_1.3;
T_1.2 ;
    %mov 78, 2, 1;
T_1.3 ;
    %mov 46, 78, 1; Move signal select into place
    %mov 47, 0, 31;
    %add 14, 46, 32;
    %ix/getv 3, v0xc61400_0;
   %jmp/1 t_0, 4;
   %ix/load 1, 0, 0;
   %set/av v0xc51200, 14, 32;
t_0 ;
    %jmp T_1.0;
T_1.1 ;
    %jmp T_1;
    .thread T_1, $push;
# The file index is used to find the file name in the following table.
:file_names 3;
    "N/A";
    "<interactive>";
    "keyExpansion.v";
