#! /usr/bin/vvp
:ivl_version "0.9.7 " "(v0_9_7)";
:vpi_time_precision - 11;
:vpi_module "system";
:vpi_module "v2005_math";
:vpi_module "va_math";
S_0x25d5e10 .scope module, "dut_impl" "dut_impl" 2 10;
 .timescale -9 -11;
P_0x25f2988 .param/l "DELTA" 2 13, C4<10011110001101110111100110111001>;
P_0x25f29b0 .param/l "ROUND_NUMBER" 2 14, +C4<0100000>;
P_0x25f29d8 .param/l "WORD_SIZE" 2 12, +C4<0100000>;
v0x2627a40_0 .net "clk", 0 0, C4<z>; 0 drivers
v0x2627c50_0 .var "iK0", 31 0;
v0x2627cd0_0 .var "iK1", 31 0;
v0x2627d50_0 .var "iK2", 31 0;
v0x2627dd0_0 .var "iK3", 31 0;
v0x2627e50_0 .net "iStartCipher", 0 0, C4<z>; 0 drivers
v0x2627f20_0 .net "iStartDecipher", 0 0, C4<z>; 0 drivers
v0x2627ff0_0 .var "iV0", 31 0;
v0x26280c0_0 .var "iV1", 31 0;
v0x2628140_0 .var "muxCount", 3 0;
v0x26281c0_0 .net "oC0", 31 0, v0x2626510_0; 1 drivers
v0x2628240_0 .net "oC1", 31 0, v0x2626610_0; 1 drivers
v0x2628310_0 .net "oDoneCipher", 0 0, v0x2626780_0; 1 drivers
v0x26283e0_0 .net "oDoneDecipher", 0 0, v0x2625280_0; 1 drivers
v0x2628530_0 .net "oV0", 31 0, v0x2624f30_0; 1 drivers
v0x2628600_0 .net "oV1", 31 0, v0x26250d0_0; 1 drivers
v0x2628460_0 .net "rst", 0 0, C4<z>; 0 drivers
v0x2628760_0 .net "serial_port_in", 31 0, C4<zzzzzzzzzzzzzzzzzzzzzzzzzzzzzzzz>; 0 drivers
v0x2628680_0 .var "serial_port_out", 31 0;
S_0x25d5f00 .scope module, "dut_implementacion" "dut" 2 110, 3 13, S_0x25d5e10;
 .timescale -9 -11;
P_0x25edee8 .param/l "DELTA" 3 16, C4<10011110001101110111100110111001>;
P_0x25edf10 .param/l "ROUND_NUMBER" 3 17, +C4<0100000>;
P_0x25edf38 .param/l "WORD_SIZE" 3 15, +C4<0100000>;
v0x2626f80_0 .alias "clk", 0 0, v0x2627a40_0;
v0x2627190_0 .net "iK0", 31 0, v0x2627c50_0; 1 drivers
v0x2627260_0 .net "iK1", 31 0, v0x2627cd0_0; 1 drivers
v0x2627330_0 .net "iK2", 31 0, v0x2627d50_0; 1 drivers
v0x2627400_0 .net "iK3", 31 0, v0x2627dd0_0; 1 drivers
v0x26274d0_0 .alias "iStartCipher", 0 0, v0x2627e50_0;
v0x2627550_0 .alias "iStartDecipher", 0 0, v0x2627f20_0;
v0x26275d0_0 .net "iV0", 31 0, v0x2627ff0_0; 1 drivers
v0x26276f0_0 .net "iV1", 31 0, v0x26280c0_0; 1 drivers
v0x26277c0_0 .alias "oC0", 31 0, v0x26281c0_0;
v0x2627840_0 .alias "oC1", 31 0, v0x2628240_0;
v0x26278c0_0 .alias "oDoneCipher", 0 0, v0x2628310_0;
v0x2627940_0 .alias "oDoneDecipher", 0 0, v0x26283e0_0;
v0x26279c0_0 .alias "oV0", 31 0, v0x2628530_0;
v0x2627ac0_0 .alias "oV1", 31 0, v0x2628600_0;
v0x2627b40_0 .alias "rst", 0 0, v0x2628460_0;
S_0x2625cf0 .scope module, "cifrar" "cipher" 3 52, 4 17, S_0x25d5f00;
 .timescale -9 -11;
P_0x2625ae8 .param/l "DELTA" 4 20, C4<10011110001101110111100110111001>;
P_0x2625b10 .param/l "ROUND_NUMBER" 4 21, +C4<0100000>;
P_0x2625b38 .param/l "ROUND_NUMBER_BITS" 4 42, +C4<00000000000000000000000000000101>;
P_0x2625b60 .param/l "WORD_SIZE" 4 19, +C4<0100000>;
v0x2625f60_0 .alias "clk", 0 0, v0x2627a40_0;
v0x2626030_0 .alias "iK0", 31 0, v0x2627190_0;
v0x26260e0_0 .alias "iK1", 31 0, v0x2627260_0;
v0x2626190_0 .alias "iK2", 31 0, v0x2627330_0;
v0x2626270_0 .alias "iK3", 31 0, v0x2627400_0;
v0x2626320_0 .alias "iStart", 0 0, v0x2627e50_0;
v0x26263e0_0 .alias "iV0", 31 0, v0x26275d0_0;
v0x2626460_0 .alias "iV1", 31 0, v0x26276f0_0;
v0x2626510_0 .var "oC0", 31 0;
v0x2626590_0 .var "oC0_nxt", 31 0;
v0x2626610_0 .var "oC1", 31 0;
v0x2626690_0 .var "oC1_nxt", 31 0;
v0x2626780_0 .var "oDone", 0 0;
v0x2626800_0 .var "oDone_nxt", 0 0;
v0x2626900_0 .var "rAux1", 31 0;
v0x2626980_0 .var "rAux1_nxt", 31 0;
v0x2626880_0 .var "rAux2", 31 0;
v0x2626ad0_0 .var "rAux2_nxt", 31 0;
v0x2626bf0_0 .var "rAux3", 31 0;
v0x2626c70_0 .var "rAux3_nxt", 31 0;
v0x2626b50_0 .var "rCount", 4 0;
v0x2626da0_0 .var "rCount_nxt", 4 0;
v0x2626cf0_0 .alias "rst", 0 0, v0x2628460_0;
v0x2626ee0_0 .var "state", 3 0;
v0x2626e40_0 .var "sum", 31 0;
v0x2627030_0 .var "sum_nxt", 31 0;
E_0x2625ef0/0 .event edge, v0x2626900_0, v0x2626880_0, v0x2626bf0_0, v0x2626510_0;
E_0x2625ef0/1 .event edge, v0x2626610_0, v0x2626e40_0, v0x2626b50_0, v0x2626780_0;
E_0x2625ef0/2 .event edge, v0x2626ee0_0, v0x2624a30_0, v0x2624ad0_0, v0x2624b70_0;
E_0x2625ef0/3 .event edge, v0x2624c20_0;
E_0x2625ef0 .event/or E_0x2625ef0/0, E_0x2625ef0/1, E_0x2625ef0/2, E_0x2625ef0/3;
S_0x25edc20 .scope module, "descifrar" "decipher" 3 77, 5 17, S_0x25d5f00;
 .timescale -9 -11;
P_0x25bdd58 .param/l "DELTA" 5 20, C4<10011110001101110111100110111001>;
P_0x25bdd80 .param/l "ROUND_NUMBER" 5 21, +C4<0100000>;
P_0x25bdda8 .param/l "ROUND_NUMBER_BITS" 5 42, +C4<00000000000000000000000000000101>;
P_0x25bddd0 .param/l "WORD_SIZE" 5 19, +C4<0100000>;
v0x25be2a0_0 .alias "clk", 0 0, v0x2627a40_0;
v0x2624a30_0 .alias "iK0", 31 0, v0x2627190_0;
v0x2624ad0_0 .alias "iK1", 31 0, v0x2627260_0;
v0x2624b70_0 .alias "iK2", 31 0, v0x2627330_0;
v0x2624c20_0 .alias "iK3", 31 0, v0x2627400_0;
v0x2624cc0_0 .alias "iStart", 0 0, v0x2627f20_0;
v0x2624da0_0 .alias "iV0", 31 0, v0x26275d0_0;
v0x2624e40_0 .alias "iV1", 31 0, v0x26276f0_0;
v0x2624f30_0 .var "oC0", 31 0;
v0x2624fd0_0 .var "oC0_nxt", 31 0;
v0x26250d0_0 .var "oC1", 31 0;
v0x2625170_0 .var "oC1_nxt", 31 0;
v0x2625280_0 .var "oDone", 0 0;
v0x2625320_0 .var "oDone_nxt", 0 0;
v0x2625440_0 .var "rAux1", 31 0;
v0x26254e0_0 .var "rAux1_nxt", 31 0;
v0x26253a0_0 .var "rAux2", 31 0;
v0x2625630_0 .var "rAux2_nxt", 31 0;
v0x2625750_0 .var "rAux3", 31 0;
v0x26257d0_0 .var "rAux3_nxt", 31 0;
v0x26256b0_0 .var "rCount", 4 0;
v0x2625900_0 .var "rCount_nxt", 4 0;
v0x2625850_0 .alias "rst", 0 0, v0x2628460_0;
v0x2625a40_0 .var "state", 3 0;
v0x26259a0_0 .var "sum", 31 0;
v0x2625b90_0 .var "sum_nxt", 31 0;
E_0x26064e0 .event posedge, v0x25be2a0_0;
E_0x25f4150/0 .event edge, v0x2625440_0, v0x26253a0_0, v0x2625750_0, v0x2624f30_0;
E_0x25f4150/1 .event edge, v0x26250d0_0, v0x26259a0_0, v0x26256b0_0, v0x2625280_0;
E_0x25f4150/2 .event edge, v0x2625a40_0, v0x2624b70_0, v0x2624c20_0, v0x2624a30_0;
E_0x25f4150/3 .event edge, v0x2624ad0_0;
E_0x25f4150 .event/or E_0x25f4150/0, E_0x25f4150/1, E_0x25f4150/2, E_0x25f4150/3;
    .scope S_0x2625cf0;
T_0 ;
    %wait E_0x2625ef0;
    %load/v 8, v0x2626900_0, 32;
    %set/v v0x2626980_0, 8, 32;
    %load/v 8, v0x2626880_0, 32;
    %set/v v0x2626ad0_0, 8, 32;
    %load/v 8, v0x2626bf0_0, 32;
    %set/v v0x2626c70_0, 8, 32;
    %load/v 8, v0x2626510_0, 32;
    %set/v v0x2626590_0, 8, 32;
    %load/v 8, v0x2626610_0, 32;
    %set/v v0x2626690_0, 8, 32;
    %load/v 8, v0x2626e40_0, 32;
    %set/v v0x2627030_0, 8, 32;
    %load/v 8, v0x2626b50_0, 5;
    %set/v v0x2626da0_0, 8, 5;
    %load/v 8, v0x2626780_0, 1;
    %set/v v0x2626800_0, 8, 1;
    %load/v 8, v0x2626ee0_0, 4;
    %cmpi/u 8, 0, 4;
    %jmp/1 T_0.0, 6;
    %cmpi/u 8, 1, 4;
    %jmp/1 T_0.1, 6;
    %cmpi/u 8, 2, 4;
    %jmp/1 T_0.2, 6;
    %cmpi/u 8, 3, 4;
    %jmp/1 T_0.3, 6;
    %cmpi/u 8, 4, 4;
    %jmp/1 T_0.4, 6;
    %cmpi/u 8, 5, 4;
    %jmp/1 T_0.5, 6;
    %cmpi/u 8, 6, 4;
    %jmp/1 T_0.6, 6;
    %cmpi/u 8, 7, 4;
    %jmp/1 T_0.7, 6;
    %cmpi/u 8, 8, 4;
    %jmp/1 T_0.8, 6;
    %cmpi/u 8, 9, 4;
    %jmp/1 T_0.9, 6;
    %cmpi/u 8, 10, 4;
    %jmp/1 T_0.10, 6;
    %cmpi/u 8, 11, 4;
    %jmp/1 T_0.11, 6;
    %cmpi/u 8, 12, 4;
    %jmp/1 T_0.12, 6;
    %jmp T_0.13;
T_0.0 ;
    %load/v 8, v0x2626900_0, 32;
    %set/v v0x2626980_0, 8, 32;
    %load/v 8, v0x2626880_0, 32;
    %set/v v0x2626ad0_0, 8, 32;
    %load/v 8, v0x2626bf0_0, 32;
    %set/v v0x2626c70_0, 8, 32;
    %load/v 8, v0x2626510_0, 32;
    %set/v v0x2626590_0, 8, 32;
    %load/v 8, v0x2626610_0, 32;
    %set/v v0x2626690_0, 8, 32;
    %load/v 8, v0x2626e40_0, 32;
    %set/v v0x2627030_0, 8, 32;
    %load/v 8, v0x2626b50_0, 5;
    %set/v v0x2626da0_0, 8, 5;
    %load/v 8, v0x2626780_0, 1;
    %set/v v0x2626800_0, 8, 1;
    %jmp T_0.13;
T_0.1 ;
    %load/v 8, v0x2626900_0, 32;
    %set/v v0x2626980_0, 8, 32;
    %load/v 8, v0x2626880_0, 32;
    %set/v v0x2626ad0_0, 8, 32;
    %load/v 8, v0x2626bf0_0, 32;
    %set/v v0x2626c70_0, 8, 32;
    %load/v 8, v0x2626510_0, 32;
    %set/v v0x2626590_0, 8, 32;
    %load/v 8, v0x2626610_0, 32;
    %set/v v0x2626690_0, 8, 32;
    %load/v 8, v0x2626e40_0, 32;
    %mov 40, 0, 1;
    %addi 8, 2654435769, 33;
    %set/v v0x2627030_0, 8, 32;
    %load/v 8, v0x2626b50_0, 5;
    %set/v v0x2626da0_0, 8, 5;
    %load/v 8, v0x2626780_0, 1;
    %set/v v0x2626800_0, 8, 1;
    %jmp T_0.13;
T_0.2 ;
    %load/v 8, v0x2626610_0, 32;
    %ix/load 0, 4, 0;
    %mov 4, 0, 1;
    %shiftl/i0  8, 32;
    %load/v 40, v0x2626030_0, 32;
    %add 8, 40, 32;
    %set/v v0x2626980_0, 8, 32;
    %load/v 8, v0x2626880_0, 32;
    %set/v v0x2626ad0_0, 8, 32;
    %load/v 8, v0x2626bf0_0, 32;
    %set/v v0x2626c70_0, 8, 32;
    %load/v 8, v0x2626510_0, 32;
    %set/v v0x2626590_0, 8, 32;
    %load/v 8, v0x2626610_0, 32;
    %set/v v0x2626690_0, 8, 32;
    %load/v 8, v0x2626e40_0, 32;
    %set/v v0x2627030_0, 8, 32;
    %load/v 8, v0x2626b50_0, 5;
    %set/v v0x2626da0_0, 8, 5;
    %load/v 8, v0x2626780_0, 1;
    %set/v v0x2626800_0, 8, 1;
    %jmp T_0.13;
T_0.3 ;
    %load/v 8, v0x2626900_0, 32;
    %set/v v0x2626980_0, 8, 32;
    %load/v 8, v0x2626610_0, 32;
    %load/v 40, v0x2626e40_0, 32;
    %add 8, 40, 32;
    %set/v v0x2626ad0_0, 8, 32;
    %load/v 8, v0x2626bf0_0, 32;
    %set/v v0x2626c70_0, 8, 32;
    %load/v 8, v0x2626510_0, 32;
    %set/v v0x2626590_0, 8, 32;
    %load/v 8, v0x2626610_0, 32;
    %set/v v0x2626690_0, 8, 32;
    %load/v 8, v0x2626e40_0, 32;
    %set/v v0x2627030_0, 8, 32;
    %load/v 8, v0x2626b50_0, 5;
    %set/v v0x2626da0_0, 8, 5;
    %load/v 8, v0x2626780_0, 1;
    %set/v v0x2626800_0, 8, 1;
    %jmp T_0.13;
T_0.4 ;
    %load/v 8, v0x2626900_0, 32;
    %set/v v0x2626980_0, 8, 32;
    %load/v 8, v0x2626880_0, 32;
    %set/v v0x2626ad0_0, 8, 32;
    %load/v 8, v0x2626610_0, 32;
    %ix/load 0, 5, 0;
    %mov 4, 0, 1;
    %shiftr/i0  8, 32;
    %load/v 40, v0x26260e0_0, 32;
    %add 8, 40, 32;
    %set/v v0x2626c70_0, 8, 32;
    %load/v 8, v0x2626510_0, 32;
    %set/v v0x2626590_0, 8, 32;
    %load/v 8, v0x2626610_0, 32;
    %set/v v0x2626690_0, 8, 32;
    %load/v 8, v0x2626e40_0, 32;
    %set/v v0x2627030_0, 8, 32;
    %load/v 8, v0x2626b50_0, 5;
    %set/v v0x2626da0_0, 8, 5;
    %load/v 8, v0x2626780_0, 1;
    %set/v v0x2626800_0, 8, 1;
    %jmp T_0.13;
T_0.5 ;
    %load/v 8, v0x2626900_0, 32;
    %set/v v0x2626980_0, 8, 32;
    %load/v 8, v0x2626880_0, 32;
    %set/v v0x2626ad0_0, 8, 32;
    %load/v 8, v0x2626900_0, 32;
    %load/v 40, v0x2626880_0, 32;
    %xor 8, 40, 32;
    %load/v 40, v0x2626bf0_0, 32;
    %xor 8, 40, 32;
    %set/v v0x2626c70_0, 8, 32;
    %load/v 8, v0x2626510_0, 32;
    %set/v v0x2626590_0, 8, 32;
    %load/v 8, v0x2626610_0, 32;
    %set/v v0x2626690_0, 8, 32;
    %load/v 8, v0x2626e40_0, 32;
    %set/v v0x2627030_0, 8, 32;
    %load/v 8, v0x2626b50_0, 5;
    %set/v v0x2626da0_0, 8, 5;
    %load/v 8, v0x2626780_0, 1;
    %set/v v0x2626800_0, 8, 1;
    %jmp T_0.13;
T_0.6 ;
    %load/v 8, v0x2626900_0, 32;
    %set/v v0x2626980_0, 8, 32;
    %load/v 8, v0x2626880_0, 32;
    %set/v v0x2626ad0_0, 8, 32;
    %load/v 8, v0x2626bf0_0, 32;
    %set/v v0x2626c70_0, 8, 32;
    %load/v 8, v0x2626510_0, 32;
    %load/v 40, v0x2626bf0_0, 32;
    %add 8, 40, 32;
    %set/v v0x2626590_0, 8, 32;
    %load/v 8, v0x2626610_0, 32;
    %set/v v0x2626690_0, 8, 32;
    %load/v 8, v0x2626e40_0, 32;
    %set/v v0x2627030_0, 8, 32;
    %load/v 8, v0x2626b50_0, 5;
    %set/v v0x2626da0_0, 8, 5;
    %load/v 8, v0x2626780_0, 1;
    %set/v v0x2626800_0, 8, 1;
    %jmp T_0.13;
T_0.7 ;
    %load/v 8, v0x2626510_0, 32;
    %ix/load 0, 4, 0;
    %mov 4, 0, 1;
    %shiftl/i0  8, 32;
    %load/v 40, v0x2626190_0, 32;
    %add 8, 40, 32;
    %set/v v0x2626980_0, 8, 32;
    %load/v 8, v0x2626880_0, 32;
    %set/v v0x2626ad0_0, 8, 32;
    %load/v 8, v0x2626bf0_0, 32;
    %set/v v0x2626c70_0, 8, 32;
    %load/v 8, v0x2626510_0, 32;
    %set/v v0x2626590_0, 8, 32;
    %load/v 8, v0x2626610_0, 32;
    %set/v v0x2626690_0, 8, 32;
    %load/v 8, v0x2626e40_0, 32;
    %set/v v0x2627030_0, 8, 32;
    %load/v 8, v0x2626b50_0, 5;
    %set/v v0x2626da0_0, 8, 5;
    %load/v 8, v0x2626780_0, 1;
    %set/v v0x2626800_0, 8, 1;
    %jmp T_0.13;
T_0.8 ;
    %load/v 8, v0x2626900_0, 32;
    %set/v v0x2626980_0, 8, 32;
    %load/v 8, v0x2626510_0, 32;
    %load/v 40, v0x2626e40_0, 32;
    %add 8, 40, 32;
    %set/v v0x2626ad0_0, 8, 32;
    %load/v 8, v0x2626bf0_0, 32;
    %set/v v0x2626c70_0, 8, 32;
    %load/v 8, v0x2626510_0, 32;
    %set/v v0x2626590_0, 8, 32;
    %load/v 8, v0x2626610_0, 32;
    %set/v v0x2626690_0, 8, 32;
    %load/v 8, v0x2626e40_0, 32;
    %set/v v0x2627030_0, 8, 32;
    %load/v 8, v0x2626b50_0, 5;
    %set/v v0x2626da0_0, 8, 5;
    %load/v 8, v0x2626780_0, 1;
    %set/v v0x2626800_0, 8, 1;
    %jmp T_0.13;
T_0.9 ;
    %load/v 8, v0x2626900_0, 32;
    %set/v v0x2626980_0, 8, 32;
    %load/v 8, v0x2626880_0, 32;
    %set/v v0x2626ad0_0, 8, 32;
    %load/v 8, v0x2626510_0, 32;
    %ix/load 0, 5, 0;
    %mov 4, 0, 1;
    %shiftr/i0  8, 32;
    %load/v 40, v0x2626270_0, 32;
    %add 8, 40, 32;
    %set/v v0x2626c70_0, 8, 32;
    %load/v 8, v0x2626510_0, 32;
    %set/v v0x2626590_0, 8, 32;
    %load/v 8, v0x2626610_0, 32;
    %set/v v0x2626690_0, 8, 32;
    %load/v 8, v0x2626e40_0, 32;
    %set/v v0x2627030_0, 8, 32;
    %load/v 8, v0x2626b50_0, 5;
    %set/v v0x2626da0_0, 8, 5;
    %load/v 8, v0x2626780_0, 1;
    %set/v v0x2626800_0, 8, 1;
    %jmp T_0.13;
T_0.10 ;
    %load/v 8, v0x2626900_0, 32;
    %set/v v0x2626980_0, 8, 32;
    %load/v 8, v0x2626880_0, 32;
    %set/v v0x2626ad0_0, 8, 32;
    %load/v 8, v0x2626900_0, 32;
    %load/v 40, v0x2626880_0, 32;
    %xor 8, 40, 32;
    %load/v 40, v0x2626bf0_0, 32;
    %xor 8, 40, 32;
    %set/v v0x2626c70_0, 8, 32;
    %load/v 8, v0x2626510_0, 32;
    %set/v v0x2626590_0, 8, 32;
    %load/v 8, v0x2626610_0, 32;
    %set/v v0x2626690_0, 8, 32;
    %load/v 8, v0x2626e40_0, 32;
    %set/v v0x2627030_0, 8, 32;
    %load/v 8, v0x2626b50_0, 5;
    %set/v v0x2626da0_0, 8, 5;
    %load/v 8, v0x2626780_0, 1;
    %set/v v0x2626800_0, 8, 1;
    %jmp T_0.13;
T_0.11 ;
    %load/v 8, v0x2626900_0, 32;
    %set/v v0x2626980_0, 8, 32;
    %load/v 8, v0x2626880_0, 32;
    %set/v v0x2626ad0_0, 8, 32;
    %load/v 8, v0x2626bf0_0, 32;
    %set/v v0x2626c70_0, 8, 32;
    %load/v 8, v0x2626510_0, 32;
    %set/v v0x2626590_0, 8, 32;
    %load/v 8, v0x2626610_0, 32;
    %load/v 40, v0x2626bf0_0, 32;
    %add 8, 40, 32;
    %set/v v0x2626690_0, 8, 32;
    %load/v 8, v0x2626e40_0, 32;
    %set/v v0x2627030_0, 8, 32;
    %load/v 8, v0x2626b50_0, 5;
    %mov 13, 0, 27;
    %addi 8, 1, 32;
    %set/v v0x2626da0_0, 8, 5;
    %load/v 8, v0x2626b50_0, 5;
    %mov 13, 0, 4;
    %cmpi/u 8, 31, 9;
    %jmp/0xz  T_0.14, 4;
    %set/v v0x2626800_0, 1, 1;
    %jmp T_0.15;
T_0.14 ;
    %load/v 8, v0x2626780_0, 1;
    %set/v v0x2626800_0, 8, 1;
T_0.15 ;
    %jmp T_0.13;
T_0.12 ;
    %load/v 8, v0x2626900_0, 32;
    %set/v v0x2626980_0, 8, 32;
    %load/v 8, v0x2626880_0, 32;
    %set/v v0x2626ad0_0, 8, 32;
    %load/v 8, v0x2626bf0_0, 32;
    %set/v v0x2626c70_0, 8, 32;
    %load/v 8, v0x2626510_0, 32;
    %set/v v0x2626590_0, 8, 32;
    %load/v 8, v0x2626610_0, 32;
    %set/v v0x2626690_0, 8, 32;
    %load/v 8, v0x2626e40_0, 32;
    %set/v v0x2627030_0, 8, 32;
    %load/v 8, v0x2626b50_0, 5;
    %set/v v0x2626da0_0, 8, 5;
    %load/v 8, v0x2626780_0, 1;
    %set/v v0x2626800_0, 8, 1;
    %jmp T_0.13;
T_0.13 ;
    %jmp T_0;
    .thread T_0, $push;
    .scope S_0x2625cf0;
T_1 ;
    %wait E_0x26064e0;
    %load/v 8, v0x2626320_0, 1;
    %inv 8, 1;
    %load/v 9, v0x2626cf0_0, 1;
    %or 8, 9, 1;
    %jmp/0xz  T_1.0, 8;
    %ix/load 0, 4, 0;
    %assign/v0 v0x2626ee0_0, 0, 0;
    %jmp T_1.1;
T_1.0 ;
    %ix/load 0, 4, 0;
    %assign/v0 v0x2626ee0_0, 0, 0;
    %load/v 8, v0x2626ee0_0, 4;
    %cmpi/u 8, 0, 4;
    %jmp/1 T_1.2, 6;
    %cmpi/u 8, 1, 4;
    %jmp/1 T_1.3, 6;
    %cmpi/u 8, 2, 4;
    %jmp/1 T_1.4, 6;
    %cmpi/u 8, 3, 4;
    %jmp/1 T_1.5, 6;
    %cmpi/u 8, 4, 4;
    %jmp/1 T_1.6, 6;
    %cmpi/u 8, 5, 4;
    %jmp/1 T_1.7, 6;
    %cmpi/u 8, 6, 4;
    %jmp/1 T_1.8, 6;
    %cmpi/u 8, 7, 4;
    %jmp/1 T_1.9, 6;
    %cmpi/u 8, 8, 4;
    %jmp/1 T_1.10, 6;
    %cmpi/u 8, 9, 4;
    %jmp/1 T_1.11, 6;
    %cmpi/u 8, 10, 4;
    %jmp/1 T_1.12, 6;
    %cmpi/u 8, 11, 4;
    %jmp/1 T_1.13, 6;
    %cmpi/u 8, 12, 4;
    %jmp/1 T_1.14, 6;
    %jmp T_1.15;
T_1.2 ;
    %load/v 8, v0x2626320_0, 1;
    %inv 8, 1;
    %jmp/0xz  T_1.16, 8;
    %ix/load 0, 4, 0;
    %assign/v0 v0x2626ee0_0, 0, 0;
    %jmp T_1.17;
T_1.16 ;
    %movi 8, 1, 4;
    %ix/load 0, 4, 0;
    %assign/v0 v0x2626ee0_0, 0, 8;
T_1.17 ;
    %jmp T_1.15;
T_1.3 ;
    %movi 8, 2, 4;
    %ix/load 0, 4, 0;
    %assign/v0 v0x2626ee0_0, 0, 8;
    %jmp T_1.15;
T_1.4 ;
    %movi 8, 3, 4;
    %ix/load 0, 4, 0;
    %assign/v0 v0x2626ee0_0, 0, 8;
    %jmp T_1.15;
T_1.5 ;
    %movi 8, 4, 4;
    %ix/load 0, 4, 0;
    %assign/v0 v0x2626ee0_0, 0, 8;
    %jmp T_1.15;
T_1.6 ;
    %movi 8, 5, 4;
    %ix/load 0, 4, 0;
    %assign/v0 v0x2626ee0_0, 0, 8;
    %jmp T_1.15;
T_1.7 ;
    %movi 8, 6, 4;
    %ix/load 0, 4, 0;
    %assign/v0 v0x2626ee0_0, 0, 8;
    %jmp T_1.15;
T_1.8 ;
    %movi 8, 7, 4;
    %ix/load 0, 4, 0;
    %assign/v0 v0x2626ee0_0, 0, 8;
    %jmp T_1.15;
T_1.9 ;
    %movi 8, 8, 4;
    %ix/load 0, 4, 0;
    %assign/v0 v0x2626ee0_0, 0, 8;
    %jmp T_1.15;
T_1.10 ;
    %movi 8, 9, 4;
    %ix/load 0, 4, 0;
    %assign/v0 v0x2626ee0_0, 0, 8;
    %jmp T_1.15;
T_1.11 ;
    %movi 8, 10, 4;
    %ix/load 0, 4, 0;
    %assign/v0 v0x2626ee0_0, 0, 8;
    %jmp T_1.15;
T_1.12 ;
    %movi 8, 11, 4;
    %ix/load 0, 4, 0;
    %assign/v0 v0x2626ee0_0, 0, 8;
    %jmp T_1.15;
T_1.13 ;
    %movi 8, 12, 4;
    %ix/load 0, 4, 0;
    %assign/v0 v0x2626ee0_0, 0, 8;
    %jmp T_1.15;
T_1.14 ;
    %load/v 8, v0x2626780_0, 1;
    %jmp/0xz  T_1.18, 8;
    %movi 8, 12, 4;
    %ix/load 0, 4, 0;
    %assign/v0 v0x2626ee0_0, 0, 8;
    %jmp T_1.19;
T_1.18 ;
    %movi 8, 1, 4;
    %ix/load 0, 4, 0;
    %assign/v0 v0x2626ee0_0, 0, 8;
T_1.19 ;
    %jmp T_1.15;
T_1.15 ;
T_1.1 ;
    %jmp T_1;
    .thread T_1;
    .scope S_0x2625cf0;
T_2 ;
    %wait E_0x26064e0;
    %load/v 8, v0x2626320_0, 1;
    %inv 8, 1;
    %load/v 9, v0x2626cf0_0, 1;
    %or 8, 9, 1;
    %jmp/0xz  T_2.0, 8;
    %ix/load 0, 32, 0;
    %assign/v0 v0x2626900_0, 0, 0;
    %ix/load 0, 32, 0;
    %assign/v0 v0x2626880_0, 0, 0;
    %ix/load 0, 32, 0;
    %assign/v0 v0x2626bf0_0, 0, 0;
    %load/v 8, v0x26263e0_0, 32;
    %ix/load 0, 32, 0;
    %assign/v0 v0x2626510_0, 0, 8;
    %load/v 8, v0x2626460_0, 32;
    %ix/load 0, 32, 0;
    %assign/v0 v0x2626610_0, 0, 8;
    %ix/load 0, 32, 0;
    %assign/v0 v0x2626e40_0, 0, 0;
    %ix/load 0, 5, 0;
    %assign/v0 v0x2626b50_0, 0, 0;
    %ix/load 0, 1, 0;
    %assign/v0 v0x2626780_0, 0, 0;
    %jmp T_2.1;
T_2.0 ;
    %load/v 8, v0x2626980_0, 32;
    %ix/load 0, 32, 0;
    %assign/v0 v0x2626900_0, 0, 8;
    %load/v 8, v0x2626ad0_0, 32;
    %ix/load 0, 32, 0;
    %assign/v0 v0x2626880_0, 0, 8;
    %load/v 8, v0x2626c70_0, 32;
    %ix/load 0, 32, 0;
    %assign/v0 v0x2626bf0_0, 0, 8;
    %load/v 8, v0x2626590_0, 32;
    %ix/load 0, 32, 0;
    %assign/v0 v0x2626510_0, 0, 8;
    %load/v 8, v0x2626690_0, 32;
    %ix/load 0, 32, 0;
    %assign/v0 v0x2626610_0, 0, 8;
    %load/v 8, v0x2627030_0, 32;
    %ix/load 0, 32, 0;
    %assign/v0 v0x2626e40_0, 0, 8;
    %load/v 8, v0x2626da0_0, 5;
    %ix/load 0, 5, 0;
    %assign/v0 v0x2626b50_0, 0, 8;
    %load/v 8, v0x2626800_0, 1;
    %ix/load 0, 1, 0;
    %assign/v0 v0x2626780_0, 0, 8;
T_2.1 ;
    %jmp T_2;
    .thread T_2;
    .scope S_0x25edc20;
T_3 ;
    %wait E_0x25f4150;
    %load/v 8, v0x2625440_0, 32;
    %set/v v0x26254e0_0, 8, 32;
    %load/v 8, v0x26253a0_0, 32;
    %set/v v0x2625630_0, 8, 32;
    %load/v 8, v0x2625750_0, 32;
    %set/v v0x26257d0_0, 8, 32;
    %load/v 8, v0x2624f30_0, 32;
    %set/v v0x2624fd0_0, 8, 32;
    %load/v 8, v0x26250d0_0, 32;
    %set/v v0x2625170_0, 8, 32;
    %load/v 8, v0x26259a0_0, 32;
    %set/v v0x2625b90_0, 8, 32;
    %load/v 8, v0x26256b0_0, 5;
    %set/v v0x2625900_0, 8, 5;
    %load/v 8, v0x2625280_0, 1;
    %set/v v0x2625320_0, 8, 1;
    %load/v 8, v0x2625a40_0, 4;
    %cmpi/u 8, 0, 4;
    %jmp/1 T_3.0, 6;
    %cmpi/u 8, 1, 4;
    %jmp/1 T_3.1, 6;
    %cmpi/u 8, 2, 4;
    %jmp/1 T_3.2, 6;
    %cmpi/u 8, 3, 4;
    %jmp/1 T_3.3, 6;
    %cmpi/u 8, 4, 4;
    %jmp/1 T_3.4, 6;
    %cmpi/u 8, 5, 4;
    %jmp/1 T_3.5, 6;
    %cmpi/u 8, 6, 4;
    %jmp/1 T_3.6, 6;
    %cmpi/u 8, 7, 4;
    %jmp/1 T_3.7, 6;
    %cmpi/u 8, 8, 4;
    %jmp/1 T_3.8, 6;
    %cmpi/u 8, 9, 4;
    %jmp/1 T_3.9, 6;
    %cmpi/u 8, 10, 4;
    %jmp/1 T_3.10, 6;
    %cmpi/u 8, 11, 4;
    %jmp/1 T_3.11, 6;
    %cmpi/u 8, 12, 4;
    %jmp/1 T_3.12, 6;
    %jmp T_3.13;
T_3.0 ;
    %load/v 8, v0x2625440_0, 32;
    %set/v v0x26254e0_0, 8, 32;
    %load/v 8, v0x26253a0_0, 32;
    %set/v v0x2625630_0, 8, 32;
    %load/v 8, v0x2625750_0, 32;
    %set/v v0x26257d0_0, 8, 32;
    %load/v 8, v0x2624f30_0, 32;
    %set/v v0x2624fd0_0, 8, 32;
    %load/v 8, v0x26250d0_0, 32;
    %set/v v0x2625170_0, 8, 32;
    %load/v 8, v0x26259a0_0, 32;
    %set/v v0x2625b90_0, 8, 32;
    %load/v 8, v0x26256b0_0, 5;
    %set/v v0x2625900_0, 8, 5;
    %load/v 8, v0x2625280_0, 1;
    %set/v v0x2625320_0, 8, 1;
    %jmp T_3.13;
T_3.1 ;
    %load/v 8, v0x2624f30_0, 32;
    %ix/load 0, 4, 0;
    %mov 4, 0, 1;
    %shiftl/i0  8, 32;
    %load/v 40, v0x2624b70_0, 32;
    %add 8, 40, 32;
    %set/v v0x26254e0_0, 8, 32;
    %load/v 8, v0x26253a0_0, 32;
    %set/v v0x2625630_0, 8, 32;
    %load/v 8, v0x2625750_0, 32;
    %set/v v0x26257d0_0, 8, 32;
    %load/v 8, v0x2624f30_0, 32;
    %set/v v0x2624fd0_0, 8, 32;
    %load/v 8, v0x26250d0_0, 32;
    %set/v v0x2625170_0, 8, 32;
    %load/v 8, v0x26259a0_0, 32;
    %set/v v0x2625b90_0, 8, 32;
    %load/v 8, v0x26256b0_0, 5;
    %set/v v0x2625900_0, 8, 5;
    %load/v 8, v0x2625280_0, 1;
    %set/v v0x2625320_0, 8, 1;
    %jmp T_3.13;
T_3.2 ;
    %load/v 8, v0x2625440_0, 32;
    %set/v v0x26254e0_0, 8, 32;
    %load/v 8, v0x2624f30_0, 32;
    %load/v 40, v0x26259a0_0, 32;
    %add 8, 40, 32;
    %set/v v0x2625630_0, 8, 32;
    %load/v 8, v0x2625750_0, 32;
    %set/v v0x26257d0_0, 8, 32;
    %load/v 8, v0x2624f30_0, 32;
    %set/v v0x2624fd0_0, 8, 32;
    %load/v 8, v0x26250d0_0, 32;
    %set/v v0x2625170_0, 8, 32;
    %load/v 8, v0x26259a0_0, 32;
    %set/v v0x2625b90_0, 8, 32;
    %load/v 8, v0x26256b0_0, 5;
    %set/v v0x2625900_0, 8, 5;
    %load/v 8, v0x2625280_0, 1;
    %set/v v0x2625320_0, 8, 1;
    %jmp T_3.13;
T_3.3 ;
    %load/v 8, v0x2625440_0, 32;
    %set/v v0x26254e0_0, 8, 32;
    %load/v 8, v0x26253a0_0, 32;
    %set/v v0x2625630_0, 8, 32;
    %load/v 8, v0x2624f30_0, 32;
    %ix/load 0, 5, 0;
    %mov 4, 0, 1;
    %shiftr/i0  8, 32;
    %load/v 40, v0x2624c20_0, 32;
    %add 8, 40, 32;
    %set/v v0x26257d0_0, 8, 32;
    %load/v 8, v0x2624f30_0, 32;
    %set/v v0x2624fd0_0, 8, 32;
    %load/v 8, v0x26250d0_0, 32;
    %set/v v0x2625170_0, 8, 32;
    %load/v 8, v0x26259a0_0, 32;
    %set/v v0x2625b90_0, 8, 32;
    %load/v 8, v0x26256b0_0, 5;
    %set/v v0x2625900_0, 8, 5;
    %load/v 8, v0x2625280_0, 1;
    %set/v v0x2625320_0, 8, 1;
    %jmp T_3.13;
T_3.4 ;
    %load/v 8, v0x2625440_0, 32;
    %set/v v0x26254e0_0, 8, 32;
    %load/v 8, v0x26253a0_0, 32;
    %set/v v0x2625630_0, 8, 32;
    %load/v 8, v0x2625440_0, 32;
    %load/v 40, v0x26253a0_0, 32;
    %xor 8, 40, 32;
    %load/v 40, v0x2625750_0, 32;
    %xor 8, 40, 32;
    %set/v v0x26257d0_0, 8, 32;
    %load/v 8, v0x2624f30_0, 32;
    %set/v v0x2624fd0_0, 8, 32;
    %load/v 8, v0x26250d0_0, 32;
    %set/v v0x2625170_0, 8, 32;
    %load/v 8, v0x26259a0_0, 32;
    %set/v v0x2625b90_0, 8, 32;
    %load/v 8, v0x26256b0_0, 5;
    %set/v v0x2625900_0, 8, 5;
    %load/v 8, v0x2625280_0, 1;
    %set/v v0x2625320_0, 8, 1;
    %jmp T_3.13;
T_3.5 ;
    %load/v 8, v0x2625440_0, 32;
    %set/v v0x26254e0_0, 8, 32;
    %load/v 8, v0x26253a0_0, 32;
    %set/v v0x2625630_0, 8, 32;
    %load/v 8, v0x2625750_0, 32;
    %set/v v0x26257d0_0, 8, 32;
    %load/v 8, v0x2624f30_0, 32;
    %set/v v0x2624fd0_0, 8, 32;
    %load/v 8, v0x26250d0_0, 32;
    %load/v 40, v0x2625750_0, 32;
    %sub 8, 40, 32;
    %set/v v0x2625170_0, 8, 32;
    %load/v 8, v0x26259a0_0, 32;
    %set/v v0x2625b90_0, 8, 32;
    %load/v 8, v0x26256b0_0, 5;
    %set/v v0x2625900_0, 8, 5;
    %load/v 8, v0x2625280_0, 1;
    %set/v v0x2625320_0, 8, 1;
    %jmp T_3.13;
T_3.6 ;
    %load/v 8, v0x26250d0_0, 32;
    %ix/load 0, 4, 0;
    %mov 4, 0, 1;
    %shiftl/i0  8, 32;
    %load/v 40, v0x2624a30_0, 32;
    %add 8, 40, 32;
    %set/v v0x26254e0_0, 8, 32;
    %load/v 8, v0x26253a0_0, 32;
    %set/v v0x2625630_0, 8, 32;
    %load/v 8, v0x2625750_0, 32;
    %set/v v0x26257d0_0, 8, 32;
    %load/v 8, v0x2624f30_0, 32;
    %set/v v0x2624fd0_0, 8, 32;
    %load/v 8, v0x26250d0_0, 32;
    %set/v v0x2625170_0, 8, 32;
    %load/v 8, v0x26259a0_0, 32;
    %set/v v0x2625b90_0, 8, 32;
    %load/v 8, v0x26256b0_0, 5;
    %set/v v0x2625900_0, 8, 5;
    %load/v 8, v0x2625280_0, 1;
    %set/v v0x2625320_0, 8, 1;
    %jmp T_3.13;
T_3.7 ;
    %load/v 8, v0x2625440_0, 32;
    %set/v v0x26254e0_0, 8, 32;
    %load/v 8, v0x26250d0_0, 32;
    %load/v 40, v0x26259a0_0, 32;
    %add 8, 40, 32;
    %set/v v0x2625630_0, 8, 32;
    %load/v 8, v0x2625750_0, 32;
    %set/v v0x26257d0_0, 8, 32;
    %load/v 8, v0x2624f30_0, 32;
    %set/v v0x2624fd0_0, 8, 32;
    %load/v 8, v0x26250d0_0, 32;
    %set/v v0x2625170_0, 8, 32;
    %load/v 8, v0x26259a0_0, 32;
    %set/v v0x2625b90_0, 8, 32;
    %load/v 8, v0x26256b0_0, 5;
    %set/v v0x2625900_0, 8, 5;
    %load/v 8, v0x2625280_0, 1;
    %set/v v0x2625320_0, 8, 1;
    %jmp T_3.13;
T_3.8 ;
    %load/v 8, v0x2625440_0, 32;
    %set/v v0x26254e0_0, 8, 32;
    %load/v 8, v0x26253a0_0, 32;
    %set/v v0x2625630_0, 8, 32;
    %load/v 8, v0x26250d0_0, 32;
    %ix/load 0, 5, 0;
    %mov 4, 0, 1;
    %shiftr/i0  8, 32;
    %load/v 40, v0x2624ad0_0, 32;
    %add 8, 40, 32;
    %set/v v0x26257d0_0, 8, 32;
    %load/v 8, v0x2624f30_0, 32;
    %set/v v0x2624fd0_0, 8, 32;
    %load/v 8, v0x26250d0_0, 32;
    %set/v v0x2625170_0, 8, 32;
    %load/v 8, v0x26259a0_0, 32;
    %set/v v0x2625b90_0, 8, 32;
    %load/v 8, v0x26256b0_0, 5;
    %set/v v0x2625900_0, 8, 5;
    %load/v 8, v0x2625280_0, 1;
    %set/v v0x2625320_0, 8, 1;
    %jmp T_3.13;
T_3.9 ;
    %load/v 8, v0x2625440_0, 32;
    %set/v v0x26254e0_0, 8, 32;
    %load/v 8, v0x26253a0_0, 32;
    %set/v v0x2625630_0, 8, 32;
    %load/v 8, v0x2625440_0, 32;
    %load/v 40, v0x26253a0_0, 32;
    %xor 8, 40, 32;
    %load/v 40, v0x2625750_0, 32;
    %xor 8, 40, 32;
    %set/v v0x26257d0_0, 8, 32;
    %load/v 8, v0x2624f30_0, 32;
    %set/v v0x2624fd0_0, 8, 32;
    %load/v 8, v0x26250d0_0, 32;
    %set/v v0x2625170_0, 8, 32;
    %load/v 8, v0x26259a0_0, 32;
    %set/v v0x2625b90_0, 8, 32;
    %load/v 8, v0x26256b0_0, 5;
    %set/v v0x2625900_0, 8, 5;
    %load/v 8, v0x2625280_0, 1;
    %set/v v0x2625320_0, 8, 1;
    %jmp T_3.13;
T_3.10 ;
    %load/v 8, v0x2625440_0, 32;
    %set/v v0x26254e0_0, 8, 32;
    %load/v 8, v0x26253a0_0, 32;
    %set/v v0x2625630_0, 8, 32;
    %load/v 8, v0x2625750_0, 32;
    %set/v v0x26257d0_0, 8, 32;
    %load/v 8, v0x2624f30_0, 32;
    %load/v 40, v0x2625750_0, 32;
    %sub 8, 40, 32;
    %set/v v0x2624fd0_0, 8, 32;
    %load/v 8, v0x26250d0_0, 32;
    %set/v v0x2625170_0, 8, 32;
    %load/v 8, v0x26259a0_0, 32;
    %set/v v0x2625b90_0, 8, 32;
    %load/v 8, v0x2625280_0, 1;
    %set/v v0x2625320_0, 8, 1;
    %load/v 8, v0x26256b0_0, 5;
    %set/v v0x2625900_0, 8, 5;
    %jmp T_3.13;
T_3.11 ;
    %load/v 8, v0x2625440_0, 32;
    %set/v v0x26254e0_0, 8, 32;
    %load/v 8, v0x26253a0_0, 32;
    %set/v v0x2625630_0, 8, 32;
    %load/v 8, v0x2625750_0, 32;
    %set/v v0x26257d0_0, 8, 32;
    %load/v 8, v0x2624f30_0, 32;
    %set/v v0x2624fd0_0, 8, 32;
    %load/v 8, v0x26250d0_0, 32;
    %set/v v0x2625170_0, 8, 32;
    %load/v 8, v0x26259a0_0, 32;
    %mov 40, 0, 1;
    %subi 8, 2654435769, 33;
    %set/v v0x2625b90_0, 8, 32;
    %load/v 8, v0x26256b0_0, 5;
    %mov 13, 0, 27;
    %addi 8, 1, 32;
    %set/v v0x2625900_0, 8, 5;
    %load/v 8, v0x26256b0_0, 5;
    %mov 13, 0, 4;
    %cmpi/u 8, 31, 9;
    %jmp/0xz  T_3.14, 4;
    %set/v v0x2625320_0, 1, 1;
    %jmp T_3.15;
T_3.14 ;
    %load/v 8, v0x2625280_0, 1;
    %set/v v0x2625320_0, 8, 1;
T_3.15 ;
    %jmp T_3.13;
T_3.12 ;
    %load/v 8, v0x2625440_0, 32;
    %set/v v0x26254e0_0, 8, 32;
    %load/v 8, v0x26253a0_0, 32;
    %set/v v0x2625630_0, 8, 32;
    %load/v 8, v0x2625750_0, 32;
    %set/v v0x26257d0_0, 8, 32;
    %load/v 8, v0x2624f30_0, 32;
    %set/v v0x2624fd0_0, 8, 32;
    %load/v 8, v0x26250d0_0, 32;
    %set/v v0x2625170_0, 8, 32;
    %load/v 8, v0x26259a0_0, 32;
    %set/v v0x2625b90_0, 8, 32;
    %load/v 8, v0x26256b0_0, 5;
    %set/v v0x2625900_0, 8, 5;
    %load/v 8, v0x2625280_0, 1;
    %set/v v0x2625320_0, 8, 1;
    %jmp T_3.13;
T_3.13 ;
    %jmp T_3;
    .thread T_3, $push;
    .scope S_0x25edc20;
T_4 ;
    %wait E_0x26064e0;
    %load/v 8, v0x2624cc0_0, 1;
    %inv 8, 1;
    %load/v 9, v0x2625850_0, 1;
    %or 8, 9, 1;
    %jmp/0xz  T_4.0, 8;
    %ix/load 0, 4, 0;
    %assign/v0 v0x2625a40_0, 0, 0;
    %jmp T_4.1;
T_4.0 ;
    %ix/load 0, 4, 0;
    %assign/v0 v0x2625a40_0, 0, 0;
    %load/v 8, v0x2625a40_0, 4;
    %cmpi/u 8, 0, 4;
    %jmp/1 T_4.2, 6;
    %cmpi/u 8, 1, 4;
    %jmp/1 T_4.3, 6;
    %cmpi/u 8, 2, 4;
    %jmp/1 T_4.4, 6;
    %cmpi/u 8, 3, 4;
    %jmp/1 T_4.5, 6;
    %cmpi/u 8, 4, 4;
    %jmp/1 T_4.6, 6;
    %cmpi/u 8, 5, 4;
    %jmp/1 T_4.7, 6;
    %cmpi/u 8, 6, 4;
    %jmp/1 T_4.8, 6;
    %cmpi/u 8, 7, 4;
    %jmp/1 T_4.9, 6;
    %cmpi/u 8, 8, 4;
    %jmp/1 T_4.10, 6;
    %cmpi/u 8, 9, 4;
    %jmp/1 T_4.11, 6;
    %cmpi/u 8, 10, 4;
    %jmp/1 T_4.12, 6;
    %cmpi/u 8, 11, 4;
    %jmp/1 T_4.13, 6;
    %cmpi/u 8, 12, 4;
    %jmp/1 T_4.14, 6;
    %jmp T_4.15;
T_4.2 ;
    %load/v 8, v0x2624cc0_0, 1;
    %inv 8, 1;
    %jmp/0xz  T_4.16, 8;
    %ix/load 0, 4, 0;
    %assign/v0 v0x2625a40_0, 0, 0;
    %jmp T_4.17;
T_4.16 ;
    %movi 8, 1, 4;
    %ix/load 0, 4, 0;
    %assign/v0 v0x2625a40_0, 0, 8;
T_4.17 ;
    %jmp T_4.15;
T_4.3 ;
    %movi 8, 2, 4;
    %ix/load 0, 4, 0;
    %assign/v0 v0x2625a40_0, 0, 8;
    %jmp T_4.15;
T_4.4 ;
    %movi 8, 3, 4;
    %ix/load 0, 4, 0;
    %assign/v0 v0x2625a40_0, 0, 8;
    %jmp T_4.15;
T_4.5 ;
    %movi 8, 4, 4;
    %ix/load 0, 4, 0;
    %assign/v0 v0x2625a40_0, 0, 8;
    %jmp T_4.15;
T_4.6 ;
    %movi 8, 5, 4;
    %ix/load 0, 4, 0;
    %assign/v0 v0x2625a40_0, 0, 8;
    %jmp T_4.15;
T_4.7 ;
    %movi 8, 6, 4;
    %ix/load 0, 4, 0;
    %assign/v0 v0x2625a40_0, 0, 8;
    %jmp T_4.15;
T_4.8 ;
    %movi 8, 7, 4;
    %ix/load 0, 4, 0;
    %assign/v0 v0x2625a40_0, 0, 8;
    %jmp T_4.15;
T_4.9 ;
    %movi 8, 8, 4;
    %ix/load 0, 4, 0;
    %assign/v0 v0x2625a40_0, 0, 8;
    %jmp T_4.15;
T_4.10 ;
    %movi 8, 9, 4;
    %ix/load 0, 4, 0;
    %assign/v0 v0x2625a40_0, 0, 8;
    %jmp T_4.15;
T_4.11 ;
    %movi 8, 10, 4;
    %ix/load 0, 4, 0;
    %assign/v0 v0x2625a40_0, 0, 8;
    %jmp T_4.15;
T_4.12 ;
    %movi 8, 11, 4;
    %ix/load 0, 4, 0;
    %assign/v0 v0x2625a40_0, 0, 8;
    %jmp T_4.15;
T_4.13 ;
    %movi 8, 12, 4;
    %ix/load 0, 4, 0;
    %assign/v0 v0x2625a40_0, 0, 8;
    %jmp T_4.15;
T_4.14 ;
    %load/v 8, v0x2625280_0, 1;
    %jmp/0xz  T_4.18, 8;
    %movi 8, 12, 4;
    %ix/load 0, 4, 0;
    %assign/v0 v0x2625a40_0, 0, 8;
    %jmp T_4.19;
T_4.18 ;
    %movi 8, 1, 4;
    %ix/load 0, 4, 0;
    %assign/v0 v0x2625a40_0, 0, 8;
T_4.19 ;
    %jmp T_4.15;
T_4.15 ;
T_4.1 ;
    %jmp T_4;
    .thread T_4;
    .scope S_0x25edc20;
T_5 ;
    %wait E_0x26064e0;
    %load/v 8, v0x2624cc0_0, 1;
    %inv 8, 1;
    %load/v 9, v0x2625850_0, 1;
    %or 8, 9, 1;
    %jmp/0xz  T_5.0, 8;
    %ix/load 0, 32, 0;
    %assign/v0 v0x2625440_0, 0, 0;
    %ix/load 0, 32, 0;
    %assign/v0 v0x26253a0_0, 0, 0;
    %ix/load 0, 32, 0;
    %assign/v0 v0x2625750_0, 0, 0;
    %load/v 8, v0x2624da0_0, 32;
    %ix/load 0, 32, 0;
    %assign/v0 v0x2624f30_0, 0, 8;
    %load/v 8, v0x2624e40_0, 32;
    %ix/load 0, 32, 0;
    %assign/v0 v0x26250d0_0, 0, 8;
    %movi 8, 3337565984, 32;
    %ix/load 0, 32, 0;
    %assign/v0 v0x26259a0_0, 0, 8;
    %ix/load 0, 5, 0;
    %assign/v0 v0x26256b0_0, 0, 0;
    %ix/load 0, 1, 0;
    %assign/v0 v0x2625280_0, 0, 0;
    %jmp T_5.1;
T_5.0 ;
    %load/v 8, v0x26254e0_0, 32;
    %ix/load 0, 32, 0;
    %assign/v0 v0x2625440_0, 0, 8;
    %load/v 8, v0x2625630_0, 32;
    %ix/load 0, 32, 0;
    %assign/v0 v0x26253a0_0, 0, 8;
    %load/v 8, v0x26257d0_0, 32;
    %ix/load 0, 32, 0;
    %assign/v0 v0x2625750_0, 0, 8;
    %load/v 8, v0x2624fd0_0, 32;
    %ix/load 0, 32, 0;
    %assign/v0 v0x2624f30_0, 0, 8;
    %load/v 8, v0x2625170_0, 32;
    %ix/load 0, 32, 0;
    %assign/v0 v0x26250d0_0, 0, 8;
    %load/v 8, v0x2625b90_0, 32;
    %ix/load 0, 32, 0;
    %assign/v0 v0x26259a0_0, 0, 8;
    %load/v 8, v0x2625900_0, 5;
    %ix/load 0, 5, 0;
    %assign/v0 v0x26256b0_0, 0, 8;
    %load/v 8, v0x2625320_0, 1;
    %ix/load 0, 1, 0;
    %assign/v0 v0x2625280_0, 0, 8;
T_5.1 ;
    %jmp T_5;
    .thread T_5;
    .scope S_0x25d5e10;
T_6 ;
    %wait E_0x26064e0;
    %load/v 8, v0x2628460_0, 1;
    %jmp/0xz  T_6.0, 8;
    %set/v v0x2628140_0, 0, 4;
    %jmp T_6.1;
T_6.0 ;
    %load/v 8, v0x2628140_0, 4;
    %mov 12, 0, 28;
    %addi 8, 1, 32;
    %set/v v0x2628140_0, 8, 4;
T_6.1 ;
    %jmp T_6;
    .thread T_6;
    .scope S_0x25d5e10;
T_7 ;
    %wait E_0x26064e0;
    %load/v 8, v0x2627ff0_0, 32;
    %ix/load 0, 32, 0;
    %assign/v0 v0x2627ff0_0, 0, 8;
    %load/v 8, v0x26280c0_0, 32;
    %ix/load 0, 32, 0;
    %assign/v0 v0x26280c0_0, 0, 8;
    %load/v 8, v0x2627c50_0, 32;
    %ix/load 0, 32, 0;
    %assign/v0 v0x2627c50_0, 0, 8;
    %load/v 8, v0x2627cd0_0, 32;
    %ix/load 0, 32, 0;
    %assign/v0 v0x2627cd0_0, 0, 8;
    %load/v 8, v0x2627d50_0, 32;
    %ix/load 0, 32, 0;
    %assign/v0 v0x2627d50_0, 0, 8;
    %load/v 8, v0x2627dd0_0, 32;
    %ix/load 0, 32, 0;
    %assign/v0 v0x2627dd0_0, 0, 8;
    %load/v 8, v0x2628140_0, 4;
    %cmpi/u 8, 0, 4;
    %jmp/1 T_7.0, 6;
    %jmp T_7.1;
T_7.0 ;
    %load/v 8, v0x2628760_0, 32;
    %ix/load 0, 32, 0;
    %assign/v0 v0x2627ff0_0, 0, 8;
    %load/v 8, v0x26280c0_0, 32;
    %ix/load 0, 32, 0;
    %assign/v0 v0x26280c0_0, 0, 8;
    %load/v 8, v0x2627c50_0, 32;
    %ix/load 0, 32, 0;
    %assign/v0 v0x2627c50_0, 0, 8;
    %load/v 8, v0x2627cd0_0, 32;
    %ix/load 0, 32, 0;
    %assign/v0 v0x2627cd0_0, 0, 8;
    %load/v 8, v0x2627d50_0, 32;
    %ix/load 0, 32, 0;
    %assign/v0 v0x2627d50_0, 0, 8;
    %load/v 8, v0x2627dd0_0, 32;
    %ix/load 0, 32, 0;
    %assign/v0 v0x2627dd0_0, 0, 8;
    %jmp T_7.1;
T_7.1 ;
    %jmp T_7;
    .thread T_7;
    .scope S_0x25d5e10;
T_8 ;
    %wait E_0x26064e0;
    %ix/load 0, 32, 0;
    %assign/v0 v0x2628680_0, 0, 0;
    %load/v 8, v0x2628140_0, 4;
    %cmpi/u 8, 0, 4;
    %jmp/1 T_8.0, 6;
    %jmp T_8.1;
T_8.0 ;
    %load/v 8, v0x26281c0_0, 32;
    %ix/load 0, 32, 0;
    %assign/v0 v0x2628680_0, 0, 8;
    %jmp T_8.1;
T_8.1 ;
    %jmp T_8;
    .thread T_8;
# The file index is used to find the file name in the following table.
:file_names 6;
    "N/A";
    "<interactive>";
    "dut_impl.v";
    "./dut.v";
    "./cipher.v";
    "./decipher.v";
