#! /usr/bin/vvp
:ivl_version "0.9.7 " "(v0_9_7)";
:vpi_time_precision + 0;
:vpi_module "system";
:vpi_module "v2005_math";
:vpi_module "va_math";
S_0x167ba40 .scope module, "barrelShifter16" "barrelShifter16" 2 3;
 .timescale 0 0;
P_0x169e4d8 .param/l "W_SIZE" 2 12, +C4<010000>;
v0x167bb30_0 .net "dir", 0 0, C4<z>; 0 drivers
v0x16add60_0 .net "iData", 15 0, C4<zzzzzzzzzzzzzzzz>; 0 drivers
v0x16ade00_0 .net "iRotate", 15 0, C4<zzzzzzzzzzzzzzzz>; 0 drivers
v0x16adea0_0 .var "oData", 15 0;
E_0x169efb0 .event edge, v0x16ade00_0, v0x167bb30_0, v0x16add60_0;
    .scope S_0x167ba40;
T_0 ;
    %wait E_0x169efb0;
    %load/v 8, v0x16ade00_0, 16;
    %cmpi/u 8, 3, 16;
    %jmp/1 T_0.0, 6;
    %jmp T_0.1;
T_0.0 ;
    %load/v 8, v0x167bb30_0, 1;
    %jmp/0xz  T_0.2, 8;
    %ix/load 1, 4, 0;
    %mov 4, 0, 1;
    %jmp/1 T_0.4, 4;
    %load/x1p 24, v0x16add60_0, 12;
    %jmp T_0.5;
T_0.4 ;
    %mov 24, 2, 12;
T_0.5 ;
    %mov 8, 24, 12; Move signal select into place
    %load/v 20, v0x16add60_0, 4; Select 4 out of 16 bits
    %set/v v0x16adea0_0, 8, 16;
    %jmp T_0.3;
T_0.2 ;
    %ix/load 1, 14, 0;
    %mov 4, 0, 1;
    %jmp/1 T_0.6, 4;
    %load/x1p 24, v0x16add60_0, 2;
    %jmp T_0.7;
T_0.6 ;
    %mov 24, 2, 2;
T_0.7 ;
    %mov 8, 24, 2; Move signal select into place
    %load/v 10, v0x16add60_0, 14; Select 14 out of 16 bits
    %set/v v0x16adea0_0, 8, 16;
T_0.3 ;
    %jmp T_0.1;
T_0.1 ;
    %jmp T_0;
    .thread T_0, $push;
# The file index is used to find the file name in the following table.
:file_names 3;
    "N/A";
    "<interactive>";
    "barrelShifter.v";
